<?xml version="1.0" encoding="UTF-8"?>
<!-- Generated by org.testng.reporters.JUnitReportReporter -->
<testsuite hostname="DESKTOP-MMIUFQA" failures="0" tests="4" name="webdriver.Topic_10_Custom_Dropdown2" time="8.151" errors="0" timestamp="30 Aug 2024 16:15:39 GMT" skipped="0">
  <testcase classname="webdriver.Topic_10_Custom_Dropdown2" name="TC_02_ReactJs" time="0.000"/>
  <testcase classname="webdriver.Topic_10_Custom_Dropdown2" name="TC_04_VueJs" time="0.000"/>
  <testcase classname="webdriver.Topic_10_Custom_Dropdown2" name="TC_01_Jquery" time="8.151"/>
  <testcase classname="webdriver.Topic_10_Custom_Dropdown2" name="TC_03_New_Customer" time="0.000"/>
</testsuite> <!-- webdriver.Topic_10_Custom_Dropdown2 -->
