<?xml version="1.0" encoding="UTF-8"?>
<!-- Generated by org.testng.reporters.JUnitReportReporter -->
<testsuite hostname="DESKTOP-MMIUFQA" failures="0" tests="3" name="webdriver.Topic_07_Browser_Element3" time="1.800" errors="0" timestamp="11 Aug 2024 12:14:51 GMT" skipped="0">
  <testcase classname="webdriver.Topic_07_Browser_Element3" name="TC_05_Is_Select_Refactor" time="0.230"/>
  <testcase classname="webdriver.Topic_07_Browser_Element3" name="TC_03_Is_Displayed_Refactor" time="1.481"/>
  <testcase classname="webdriver.Topic_07_Browser_Element3" name="TC_04_Is_Enable_Refactor" time="0.089"/>
</testsuite> <!-- webdriver.Topic_07_Browser_Element3 -->
