<?xml version="1.0" encoding="UTF-8"?>
<!-- Generated by org.testng.reporters.JUnitReportReporter -->
<testsuite hostname="DESKTOP-G85DFDJ" failures="0" tests="1" name="webdriver.Topic_13_Actions1" time="12.252" errors="0" timestamp="11 Sep 2024 13:12:00 GMT" skipped="0">
  <testcase classname="webdriver.Topic_13_Actions1" name="TC_07_Drags_And_Drop_HTML5" time="12.252"/>
</testsuite> <!-- webdriver.Topic_13_Actions1 -->
