<?xml version="1.0" encoding="UTF-8"?>
<!-- Generated by org.testng.reporters.JUnitReportReporter -->
<testsuite hostname="Des-LePX" failures="0" tests="1" name="webdriver.Topic_07_Browser_Element5" time="11.031" errors="0" timestamp="13 Aug 2024 08:48:33 GMT" skipped="0">
  <testcase classname="webdriver.Topic_07_Browser_Element5" name="TC_01_Element" time="11.031"/>
</testsuite> <!-- webdriver.Topic_07_Browser_Element5 -->
