<?xml version="1.0" encoding="UTF-8"?>
<!-- Generated by org.testng.reporters.JUnitReportReporter -->
<testsuite hostname="DESKTOP-G85DFDJ" failures="0" tests="1" name="webdriver.Topic_12_Handle_Alert_Authentication" time="3.646" errors="0" timestamp="05 Sep 2024 15:57:03 GMT" skipped="0">
  <testcase classname="webdriver.Topic_12_Handle_Alert_Authentication" name="TC_06_Alert_Authentication_AutoIt" time="3.646"/>
</testsuite> <!-- webdriver.Topic_12_Handle_Alert_Authentication -->
