<?xml version="1.0" encoding="UTF-8"?>
<!-- Generated by org.testng.reporters.JUnitReportReporter -->
<testsuite hostname="DESKTOP-MMIUFQA" failures="0" tests="5" name="webdriver.Topic_03_selector2" time="80.325" errors="0" timestamp="04 Aug 2024 10:01:38 GMT" skipped="0">
  <testcase classname="webdriver.Topic_03_selector2" name="TC_01_Email" time="0.428"/>
  <testcase classname="webdriver.Topic_03_selector2" name="TC_02_Email" time="19.830"/>
  <testcase classname="webdriver.Topic_03_selector2" name="TC_03_Password" time="20.062"/>
  <testcase classname="webdriver.Topic_03_selector2" name="TC_04_Cpassword" time="19.919"/>
  <testcase classname="webdriver.Topic_03_selector2" name="TC_05_Phone" time="20.086"/>
</testsuite> <!-- webdriver.Topic_03_selector2 -->
