<?xml version="1.0" encoding="UTF-8"?>
<!-- Generated by org.testng.reporters.JUnitReportReporter -->
<testsuite hostname="DESKTOP-G85DFDJ" failures="0" tests="1" name="webdriver.Topic_14_Popup" time="5.520" errors="0" timestamp="11 Sep 2024 16:32:16 GMT" skipped="0">
  <testcase classname="webdriver.Topic_14_Popup" name="TC_01_Fixed_Popup" time="5.520"/>
</testsuite> <!-- webdriver.Topic_14_Popup -->
