<?xml version="1.0" encoding="UTF-8"?>
<!-- Generated by org.testng.reporters.JUnitReportReporter -->
<testsuite hostname="DESKTOP-MMIUFQA" failures="0" tests="4" name="webdriver.Topic_10_Custom_Dropdown" time="19.228" errors="0" timestamp="25 Aug 2024 13:30:09 GMT" skipped="0">
  <testcase classname="webdriver.Topic_10_Custom_Dropdown" name="TC_02_ReactJs" time="6.599"/>
  <testcase classname="webdriver.Topic_10_Custom_Dropdown" name="TC_04_VueJs" time="0.001"/>
  <testcase classname="webdriver.Topic_10_Custom_Dropdown" name="TC_03_New_Customer" time="11.368"/>
  <testcase classname="webdriver.Topic_10_Custom_Dropdown" name="TC_01_Jquery" time="1.260"/>
</testsuite> <!-- webdriver.Topic_10_Custom_Dropdown -->
