<?xml version="1.0" encoding="UTF-8"?>
<!-- Generated by org.testng.reporters.JUnitReportReporter -->
<testsuite hostname="DESKTOP-MMIUFQA" failures="0" tests="1" name="webdriver.Topic_11_Handle_Button" time="15.654" errors="0" timestamp="02 Sep 2024 15:16:11 GMT" skipped="0">
  <testcase classname="webdriver.Topic_11_Handle_Button" name="TC_07_Custom_Radio_Noinput" time="15.654"/>
</testsuite> <!-- webdriver.Topic_11_Handle_Button -->
