<?xml version="1.0" encoding="UTF-8"?>
<!-- Generated by org.testng.reporters.JUnitReportReporter -->
<testsuite hostname="DESKTOP-MMIUFQA" failures="0" tests="1" name="webdriver.Topic_11_Handle_Button" time="1.086" errors="0" timestamp="02 Sep 2024 08:09:14 GMT" skipped="0">
  <testcase classname="webdriver.Topic_11_Handle_Button" name="TC_07_Custom_Radio_Noinput" time="1.086"/>
</testsuite> <!-- webdriver.Topic_11_Handle_Button -->
