<?xml version="1.0" encoding="UTF-8"?>
<!-- Generated by org.testng.reporters.JUnitReportReporter -->
<testsuite hostname="DESKTOP-G85DFDJ" failures="0" tests="1" name="webdriver.Topic_12_Handle_Alert_Authentication" time="4.852" errors="0" timestamp="08 Sep 2024 14:02:10 GMT" skipped="0">
  <testcase classname="webdriver.Topic_12_Handle_Alert_Authentication" name="TC_06_Alert_Authentication_AutoIt" time="4.852"/>
</testsuite> <!-- webdriver.Topic_12_Handle_Alert_Authentication -->
