<?xml version="1.0" encoding="UTF-8"?>
<!-- Generated by org.testng.reporters.JUnitReportReporter -->
<testsuite hostname="DESKTOP-MMIUFQA" failures="0" tests="1" name="webdriver.Topic_06_Web_Browser_Element" time="2.397" errors="0" timestamp="07 Aug 2024 15:44:51 GMT" skipped="0">
  <testcase classname="webdriver.Topic_06_Web_Browser_Element" name="TC_04_Page_Source" time="2.397"/>
</testsuite> <!-- webdriver.Topic_06_Web_Browser_Element -->
