<?xml version="1.0" encoding="UTF-8"?>
<!-- Generated by org.testng.reporters.JUnitReportReporter -->
<testsuite hostname="DESKTOP-MMIUFQA" failures="0" tests="3" name="webdriver.Topic_01_Check_Enviroment" time="0.173" errors="0" timestamp="31 Jul 2024 14:55:32 GMT" skipped="0">
  <testcase classname="webdriver.Topic_01_Check_Enviroment" name="TC_02_Logo" time="0.139"/>
  <testcase classname="webdriver.Topic_01_Check_Enviroment" name="TC_01_Url" time="0.009"/>
  <testcase classname="webdriver.Topic_01_Check_Enviroment" name="TC_03_Form" time="0.025"/>
</testsuite> <!-- webdriver.Topic_01_Check_Enviroment -->
