<?xml version="1.0" encoding="UTF-8"?>
<!-- Generated by org.testng.reporters.JUnitReportReporter -->
<testsuite hostname="DESKTOP-MMIUFQA" failures="0" tests="7" name="webdriver.Topic_02_Selenium_Locator" time="4.577" errors="0" timestamp="31 Jul 2024 16:41:07 GMT" skipped="0">
  <testcase classname="webdriver.Topic_02_Selenium_Locator" name="TC_01_xpath" time="0.171"/>
  <testcase classname="webdriver.Topic_02_Selenium_Locator" name="TC_09_xpath" time="0.001"/>
  <testcase classname="webdriver.Topic_02_Selenium_Locator" name="TC_04_Name" time="2.888"/>
  <testcase classname="webdriver.Topic_02_Selenium_Locator" name="TC_08_CSS" time="0.001"/>
  <testcase classname="webdriver.Topic_02_Selenium_Locator" name="TC_07_PartialLinktext" time="0.000"/>
  <testcase classname="webdriver.Topic_02_Selenium_Locator" name="TC_06_Linktext" time="0.001"/>
  <testcase classname="webdriver.Topic_02_Selenium_Locator" name="TC_05_Tagname" time="1.515"/>
</testsuite> <!-- webdriver.Topic_02_Selenium_Locator -->
