<?xml version="1.0" encoding="UTF-8"?>
<!-- Generated by org.testng.reporters.JUnitReportReporter -->
<testsuite hostname="DESKTOP-G85DFDJ" failures="0" tests="1" name="webdriver.Topic_13_Actions1" time="8.146" errors="0" timestamp="08 Sep 2024 16:41:33 GMT" skipped="0">
  <testcase classname="webdriver.Topic_13_Actions1" name="TC_02_Hover" time="8.146"/>
</testsuite> <!-- webdriver.Topic_13_Actions1 -->
